0 info it worked if it ends with ok
1 verbose cli [ '/Users/xiaohaoli/.nvm/v0.8.22/bin/node',
1 verbose cli   '/Users/xiaohaoli/.nvm/v0.8.22/bin/npm',
1 verbose cli   'install',
1 verbose cli   '-g',
1 verbose cli   'npm',
1 verbose cli   'stable' ]
2 info using npm@1.2.14
3 info using node@v0.8.22
4 verbose read json /Users/xiaohaoli/.nvm/v0.8.22/lib/package.json
5 verbose read json /Users/xiaohaoli/.nvm/v0.8.22/lib/package.json
6 verbose cache add [ 'npm', null ]
7 verbose cache add name=undefined spec="npm" args=["npm",null]
8 verbose parsed url { pathname: 'npm', path: 'npm', href: 'npm' }
9 verbose cache add [ 'stable', null ]
10 verbose cache add name=undefined spec="stable" args=["stable",null]
11 verbose parsed url { pathname: 'stable', path: 'stable', href: 'stable' }
12 silly lockFile 660051d1-npm npm
13 verbose lock npm /Users/xiaohaoli/.npm/660051d1-npm.lock
14 silly lockFile 4fbacc2f-stable stable
15 verbose lock stable /Users/xiaohaoli/.npm/4fbacc2f-stable.lock
16 silly lockFile 660051d1-npm npm
17 silly lockFile 660051d1-npm npm
18 silly lockFile 4fbacc2f-stable stable
19 silly lockFile 4fbacc2f-stable stable
20 verbose addNamed [ 'npm', '' ]
21 verbose addNamed [ null, '' ]
22 silly lockFile 2f990b75-npm npm@
23 verbose lock npm@ /Users/xiaohaoli/.npm/2f990b75-npm.lock
24 verbose addNamed [ 'stable', '' ]
25 verbose addNamed [ null, '' ]
26 silly lockFile 026aa5b0-stable stable@
27 verbose lock stable@ /Users/xiaohaoli/.npm/026aa5b0-stable.lock
28 silly addNameRange { name: 'npm', range: '', hasData: false }
29 silly addNameRange { name: 'stable', range: '', hasData: false }
30 verbose url raw npm
31 verbose url resolving [ 'https://registry.npmjs.org/', './npm' ]
32 verbose url resolved https://registry.npmjs.org/npm
33 info trying registry request attempt 1 at 23:12:52
34 http GET https://registry.npmjs.org/npm
35 verbose url raw stable
36 verbose url resolving [ 'https://registry.npmjs.org/', './stable' ]
37 verbose url resolved https://registry.npmjs.org/stable
38 info trying registry request attempt 1 at 23:12:52
39 http GET https://registry.npmjs.org/stable
40 http 200 https://registry.npmjs.org/stable
41 silly registry.get cb [ 200,
41 silly registry.get   { 'content-type': 'application/json; charset=UTF-8',
41 silly registry.get     server: 'UploadServer',
41 silly registry.get     'cache-control': 'max-age=300',
41 silly registry.get     'last-modified': 'Fri, 25 Aug 2017 10:12:03 GMT',
41 silly registry.get     etag: '"599ff7f3-28b0"',
41 silly registry.get     'x-npm-region': 'OZ',
41 silly registry.get     'content-length': '10416',
41 silly registry.get     'accept-ranges': 'bytes',
41 silly registry.get     date: 'Thu, 15 Mar 2018 12:12:52 GMT',
41 silly registry.get     via: '1.1 varnish',
41 silly registry.get     age: '0',
41 silly registry.get     connection: 'keep-alive',
41 silly registry.get     'x-served-by': 'cache-mel19030-MEL',
41 silly registry.get     'x-cache': 'MISS',
41 silly registry.get     'x-cache-hits': '0',
41 silly registry.get     'x-timer': 'S1521115973.519353,VS0,VE380',
41 silly registry.get     vary: 'Accept-Encoding, Accept' } ]
42 silly addNameRange number 2 { name: 'stable', range: '', hasData: true }
43 silly addNameRange versions [ 'stable',
43 silly addNameRange   [ '0.1.0', '0.1.1', '0.1.2', '0.1.3', '0.1.4', '0.1.5', '0.1.6' ] ]
44 verbose addNamed [ 'stable', '0.1.6' ]
45 verbose addNamed [ '0.1.6', '0.1.6' ]
46 silly lockFile 92ba4c84-stable-0-1-6 stable@0.1.6
47 verbose lock stable@0.1.6 /Users/xiaohaoli/.npm/92ba4c84-stable-0-1-6.lock
48 silly lockFile 78934466-pmjs-org-stable-stable-0-1-6-tgz https://registry.npmjs.org/stable/-/stable-0.1.6.tgz
49 verbose lock https://registry.npmjs.org/stable/-/stable-0.1.6.tgz /Users/xiaohaoli/.npm/78934466-pmjs-org-stable-stable-0-1-6-tgz.lock
50 verbose addRemoteTarball [ 'https://registry.npmjs.org/stable/-/stable-0.1.6.tgz',
50 verbose addRemoteTarball   '910f5d2aed7b520c6e777499c1f32e139fdecb10' ]
51 info retry fetch attempt 1 at 23:12:53
52 verbose fetch to= /var/folders/pl/hhyg7qwx6lx99n12_9zt3byr0000gn/T/npm-14914/1521115973137-0.64183837804012/tmp.tgz
53 http GET https://registry.npmjs.org/stable/-/stable-0.1.6.tgz
54 http 200 https://registry.npmjs.org/stable/-/stable-0.1.6.tgz
55 silly shasum updated bytes 3813
56 info shasum 910f5d2aed7b520c6e777499c1f32e139fdecb10
56 info shasum /var/folders/pl/hhyg7qwx6lx99n12_9zt3byr0000gn/T/npm-14914/1521115973137-0.64183837804012/tmp.tgz
57 verbose tar unpack /var/folders/pl/hhyg7qwx6lx99n12_9zt3byr0000gn/T/npm-14914/1521115973137-0.64183837804012/tmp.tgz
58 silly lockFile feaef092-5973137-0-64183837804012-package /var/folders/pl/hhyg7qwx6lx99n12_9zt3byr0000gn/T/npm-14914/1521115973137-0.64183837804012/package
59 verbose lock /var/folders/pl/hhyg7qwx6lx99n12_9zt3byr0000gn/T/npm-14914/1521115973137-0.64183837804012/package /Users/xiaohaoli/.npm/feaef092-5973137-0-64183837804012-package.lock
60 silly lockFile 80c67683-5973137-0-64183837804012-tmp-tgz /var/folders/pl/hhyg7qwx6lx99n12_9zt3byr0000gn/T/npm-14914/1521115973137-0.64183837804012/tmp.tgz
61 verbose lock /var/folders/pl/hhyg7qwx6lx99n12_9zt3byr0000gn/T/npm-14914/1521115973137-0.64183837804012/tmp.tgz /Users/xiaohaoli/.npm/80c67683-5973137-0-64183837804012-tmp-tgz.lock
62 silly gunzTarPerm modes [ '755', '644' ]
63 silly gunzTarPerm extractEntry package.json
64 silly gunzTarPerm extractEntry .npmignore
65 silly gunzTarPerm extractEntry README.md
66 silly gunzTarPerm extractEntry stable.js
67 silly gunzTarPerm extractEntry test.js
68 silly gunzTarPerm extractEntry .travis.yml
69 silly gunzTarPerm extractEntry bower.json
70 silly gunzTarPerm extractEntry index.d.ts
71 verbose read json /var/folders/pl/hhyg7qwx6lx99n12_9zt3byr0000gn/T/npm-14914/1521115973137-0.64183837804012/package/package.json
72 silly lockFile feaef092-5973137-0-64183837804012-package /var/folders/pl/hhyg7qwx6lx99n12_9zt3byr0000gn/T/npm-14914/1521115973137-0.64183837804012/package
73 silly lockFile feaef092-5973137-0-64183837804012-package /var/folders/pl/hhyg7qwx6lx99n12_9zt3byr0000gn/T/npm-14914/1521115973137-0.64183837804012/package
74 silly lockFile 80c67683-5973137-0-64183837804012-tmp-tgz /var/folders/pl/hhyg7qwx6lx99n12_9zt3byr0000gn/T/npm-14914/1521115973137-0.64183837804012/tmp.tgz
75 silly lockFile 80c67683-5973137-0-64183837804012-tmp-tgz /var/folders/pl/hhyg7qwx6lx99n12_9zt3byr0000gn/T/npm-14914/1521115973137-0.64183837804012/tmp.tgz
76 verbose from cache /var/folders/pl/hhyg7qwx6lx99n12_9zt3byr0000gn/T/npm-14914/1521115973137-0.64183837804012/package/package.json
77 verbose tar pack [ '/Users/xiaohaoli/.npm/stable/0.1.6/package.tgz',
77 verbose tar pack   '/var/folders/pl/hhyg7qwx6lx99n12_9zt3byr0000gn/T/npm-14914/1521115973137-0.64183837804012/package' ]
78 verbose tarball /Users/xiaohaoli/.npm/stable/0.1.6/package.tgz
79 verbose folder /var/folders/pl/hhyg7qwx6lx99n12_9zt3byr0000gn/T/npm-14914/1521115973137-0.64183837804012/package
80 silly lockFile feaef092-5973137-0-64183837804012-package /var/folders/pl/hhyg7qwx6lx99n12_9zt3byr0000gn/T/npm-14914/1521115973137-0.64183837804012/package
81 verbose lock /var/folders/pl/hhyg7qwx6lx99n12_9zt3byr0000gn/T/npm-14914/1521115973137-0.64183837804012/package /Users/xiaohaoli/.npm/feaef092-5973137-0-64183837804012-package.lock
82 silly lockFile 4380b86f-oli-npm-stable-0-1-6-package-tgz /Users/xiaohaoli/.npm/stable/0.1.6/package.tgz
83 verbose lock /Users/xiaohaoli/.npm/stable/0.1.6/package.tgz /Users/xiaohaoli/.npm/4380b86f-oli-npm-stable-0-1-6-package-tgz.lock
84 silly lockFile feaef092-5973137-0-64183837804012-package /var/folders/pl/hhyg7qwx6lx99n12_9zt3byr0000gn/T/npm-14914/1521115973137-0.64183837804012/package
85 silly lockFile feaef092-5973137-0-64183837804012-package /var/folders/pl/hhyg7qwx6lx99n12_9zt3byr0000gn/T/npm-14914/1521115973137-0.64183837804012/package
86 silly lockFile 4380b86f-oli-npm-stable-0-1-6-package-tgz /Users/xiaohaoli/.npm/stable/0.1.6/package.tgz
87 silly lockFile 4380b86f-oli-npm-stable-0-1-6-package-tgz /Users/xiaohaoli/.npm/stable/0.1.6/package.tgz
88 silly lockFile 6c5b490b-aohaoli-npm-stable-0-1-6-package /Users/xiaohaoli/.npm/stable/0.1.6/package
89 verbose lock /Users/xiaohaoli/.npm/stable/0.1.6/package /Users/xiaohaoli/.npm/6c5b490b-aohaoli-npm-stable-0-1-6-package.lock
90 silly lockFile 6c5b490b-aohaoli-npm-stable-0-1-6-package /Users/xiaohaoli/.npm/stable/0.1.6/package
91 silly lockFile 6c5b490b-aohaoli-npm-stable-0-1-6-package /Users/xiaohaoli/.npm/stable/0.1.6/package
92 verbose tar unpack /Users/xiaohaoli/.npm/stable/0.1.6/package.tgz
93 silly lockFile 6c5b490b-aohaoli-npm-stable-0-1-6-package /Users/xiaohaoli/.npm/stable/0.1.6/package
94 verbose lock /Users/xiaohaoli/.npm/stable/0.1.6/package /Users/xiaohaoli/.npm/6c5b490b-aohaoli-npm-stable-0-1-6-package.lock
95 silly lockFile 4380b86f-oli-npm-stable-0-1-6-package-tgz /Users/xiaohaoli/.npm/stable/0.1.6/package.tgz
96 verbose lock /Users/xiaohaoli/.npm/stable/0.1.6/package.tgz /Users/xiaohaoli/.npm/4380b86f-oli-npm-stable-0-1-6-package-tgz.lock
97 silly gunzTarPerm modes [ '755', '644' ]
98 silly gunzTarPerm extractEntry package.json
99 silly gunzTarPerm extractEntry .npmignore
100 silly gunzTarPerm extractEntry README.md
101 silly gunzTarPerm extractEntry test.js
102 silly gunzTarPerm extractEntry stable.js
103 silly gunzTarPerm extractEntry bower.json
104 silly gunzTarPerm extractEntry index.d.ts
105 silly gunzTarPerm extractEntry .travis.yml
106 verbose read json /Users/xiaohaoli/.npm/stable/0.1.6/package/package.json
107 silly lockFile 6c5b490b-aohaoli-npm-stable-0-1-6-package /Users/xiaohaoli/.npm/stable/0.1.6/package
108 silly lockFile 6c5b490b-aohaoli-npm-stable-0-1-6-package /Users/xiaohaoli/.npm/stable/0.1.6/package
109 silly lockFile 4380b86f-oli-npm-stable-0-1-6-package-tgz /Users/xiaohaoli/.npm/stable/0.1.6/package.tgz
110 silly lockFile 4380b86f-oli-npm-stable-0-1-6-package-tgz /Users/xiaohaoli/.npm/stable/0.1.6/package.tgz
111 silly shasum updated bytes 3806
112 info shasum 090a012b38c8f8e31ff64f11daa125e3d473aa70
112 info shasum /Users/xiaohaoli/.npm/stable/0.1.6/package.tgz
113 verbose from cache /Users/xiaohaoli/.npm/stable/0.1.6/package/package.json
114 verbose chmod /Users/xiaohaoli/.npm/stable/0.1.6/package.tgz 644
115 verbose chown /Users/xiaohaoli/.npm/stable/0.1.6/package.tgz [ 501, 20 ]
116 silly lockFile 78934466-pmjs-org-stable-stable-0-1-6-tgz https://registry.npmjs.org/stable/-/stable-0.1.6.tgz
117 silly lockFile 78934466-pmjs-org-stable-stable-0-1-6-tgz https://registry.npmjs.org/stable/-/stable-0.1.6.tgz
118 silly lockFile 92ba4c84-stable-0-1-6 stable@0.1.6
119 silly lockFile 92ba4c84-stable-0-1-6 stable@0.1.6
120 silly lockFile 026aa5b0-stable stable@
121 silly lockFile 026aa5b0-stable stable@
122 http 200 https://registry.npmjs.org/npm
123 silly registry.get cb [ 200,
123 silly registry.get   { 'content-type': 'application/json; charset=UTF-8',
123 silly registry.get     server: 'UploadServer',
123 silly registry.get     'cache-control': 'max-age=300',
123 silly registry.get     'last-modified': 'Tue, 13 Mar 2018 0:30:28 GMT',
123 silly registry.get     etag: '"5aa71ba4-6b6106"',
123 silly registry.get     'x-npm-region': 'OZ',
123 silly registry.get     'content-length': '7037190',
123 silly registry.get     'accept-ranges': 'bytes',
123 silly registry.get     date: 'Thu, 15 Mar 2018 12:12:54 GMT',
123 silly registry.get     via: '1.1 varnish',
123 silly registry.get     connection: 'keep-alive',
123 silly registry.get     'x-served-by': 'cache-mel19022-MEL',
123 silly registry.get     'x-cache': 'MISS',
123 silly registry.get     'x-cache-hits': '0',
123 silly registry.get     'x-timer': 'S1521115973.520693,VS0,VE2202',
123 silly registry.get     vary: 'Accept-Encoding, Accept' } ]
124 silly addNameRange number 2 { name: 'npm', range: '', hasData: true }
125 silly addNameRange versions [ 'npm',
125 silly addNameRange   [ '1.1.25',
125 silly addNameRange     '1.2.32',
125 silly addNameRange     '1.3.2',
125 silly addNameRange     '1.3.4',
125 silly addNameRange     '1.2.20',
125 silly addNameRange     '1.2.21',
125 silly addNameRange     '1.2.22',
125 silly addNameRange     '1.2.23',
125 silly addNameRange     '1.2.24',
125 silly addNameRange     '1.2.25',
125 silly addNameRange     '1.2.27',
125 silly addNameRange     '1.2.28',
125 silly addNameRange     '1.2.30',
125 silly addNameRange     '1.2.31',
125 silly addNameRange     '1.3.0',
125 silly addNameRange     '1.3.1',
125 silly addNameRange     '1.2.19',
125 silly addNameRange     '1.1.70',
125 silly addNameRange     '1.1.71',
125 silly addNameRange     '1.3.5',
125 silly addNameRange     '1.3.6',
125 silly addNameRange     '1.3.7',
125 silly addNameRange     '1.3.8',
125 silly addNameRange     '1.3.9',
125 silly addNameRange     '1.3.10',
125 silly addNameRange     '1.3.11',
125 silly addNameRange     '1.3.12',
125 silly addNameRange     '1.3.13',
125 silly addNameRange     '1.3.14',
125 silly addNameRange     '1.3.15',
125 silly addNameRange     '1.3.16',
125 silly addNameRange     '1.3.17',
125 silly addNameRange     '1.3.18',
125 silly addNameRange     '1.3.20',
125 silly addNameRange     '1.3.21',
125 silly addNameRange     '1.3.22',
125 silly addNameRange     '1.3.23',
125 silly addNameRange     '1.3.24',
125 silly addNameRange     '1.3.25',
125 silly addNameRange     '1.3.26',
125 silly addNameRange     '1.4.0',
125 silly addNameRange     '1.4.1',
125 silly addNameRange     '1.4.2',
125 silly addNameRange     '1.4.3',
125 silly addNameRange     '1.4.4',
125 silly addNameRange     '1.4.5',
125 silly addNameRange     '1.4.6',
125 silly addNameRange     '1.4.7',
125 silly addNameRange     '1.4.8',
125 silly addNameRange     '1.4.9',
125 silly addNameRange     '1.4.10',
125 silly addNameRange     '1.4.11',
125 silly addNameRange     '1.4.12',
125 silly addNameRange     '1.4.13',
125 silly addNameRange     '1.4.14',
125 silly addNameRange     '1.4.15',
125 silly addNameRange     '1.4.16',
125 silly addNameRange     '1.2.8000',
125 silly addNameRange     '1.4.17',
125 silly addNameRange     '1.4.18',
125 silly addNameRange     '1.4.19',
125 silly addNameRange     '1.5.0-alpha-0',
125 silly addNameRange     '1.5.0-alpha-1',
125 silly addNameRange     '1.4.20',
125 silly addNameRange     '1.5.0-alpha-2',
125 silly addNameRange     '1.4.21',
125 silly addNameRange     '1.5.0-alpha-3',
125 silly addNameRange     '1.5.0-alpha-4',
125 silly addNameRange     '2.0.0-alpha-5',
125 silly addNameRange     '1.4.22',
125 silly addNameRange     '1.4.23',
125 silly addNameRange     '2.0.0-alpha.6.0',
125 silly addNameRange     '1.4.24',
125 silly addNameRange     '2.0.0-alpha.6',
125 silly addNameRange     '2.0.0-alpha.7',
125 silly addNameRange     '2.0.0-beta.0',
125 silly addNameRange     '1.4.25',
125 silly addNameRange     '2.0.0-beta.1',
125 silly addNameRange     '1.4.26',
125 silly addNameRange     '2.0.0-beta.2',
125 silly addNameRange     '1.4.27',
125 silly addNameRange     '2.0.0-beta.3',
125 silly addNameRange     '1.4.28',
125 silly addNameRange     '2.0.0',
125 silly addNameRange     '2.0.1',
125 silly addNameRange     '2.0.2',
125 silly addNameRange     '2.1.0',
125 silly addNameRange     '2.1.1',
125 silly addNameRange     '2.1.2',
125 silly addNameRange     '2.1.3',
125 silly addNameRange     '2.1.4',
125 silly addNameRange     '2.1.5',
125 silly addNameRange     '2.1.6',
125 silly addNameRange     '2.1.7',
125 silly addNameRange     '2.1.8',
125 silly addNameRange     '2.1.9',
125 silly addNameRange     '2.1.10',
125 silly addNameRange     '2.1.11',
125 silly addNameRange     '2.1.12',
125 silly addNameRange     '2.1.13',
125 silly addNameRange     '2.1.14',
125 silly addNameRange     '2.1.15',
125 silly addNameRange     '2.1.16',
125 silly addNameRange     '2.1.17',
125 silly addNameRange     '2.1.18',
125 silly addNameRange     '2.2.0',
125 silly addNameRange     '2.3.0',
125 silly addNameRange     '2.4.0',
125 silly addNameRange     '2.4.1',
125 silly addNameRange     '2.5.0',
125 silly addNameRange     '2.5.1',
125 silly addNameRange     '2.6.0',
125 silly addNameRange     '2.6.1',
125 silly addNameRange     '2.7.0',
125 silly addNameRange     '2.7.1',
125 silly addNameRange     '2.7.2',
125 silly addNameRange     '2.7.3',
125 silly addNameRange     '2.7.4',
125 silly addNameRange     '2.7.5',
125 silly addNameRange     '2.7.6',
125 silly addNameRange     '2.8.0',
125 silly addNameRange     '2.8.1',
125 silly addNameRange     '2.8.2',
125 silly addNameRange     '2.8.3',
125 silly addNameRange     '2.8.4',
125 silly addNameRange     '2.9.0',
125 silly addNameRange     '2.9.1',
125 silly addNameRange     '2.10.0',
125 silly addNameRange     '2.10.1',
125 silly addNameRange     '2.11.0',
125 silly addNameRange     '2.11.1',
125 silly addNameRange     '2.11.2',
125 silly addNameRange     '2.11.3',
125 silly addNameRange     '2.12.0',
125 silly addNameRange     '3.0.0',
125 silly addNameRange     '2.12.1',
125 silly addNameRange     '2.13.0',
125 silly addNameRange     '3.1.0',
125 silly addNameRange     '2.13.1',
125 silly addNameRange     '3.1.1',
125 silly addNameRange     '3.1.2',
125 silly addNameRange     '2.13.2',
125 silly addNameRange     '3.1.3',
125 silly addNameRange     '2.13.3',
125 silly addNameRange     '3.2.0',
125 silly addNameRange     '2.13.4',
125 silly addNameRange     '3.2.1',
125 silly addNameRange     '2.13.5',
125 silly addNameRange     '3.2.2',
125 silly addNameRange     '2.14.0',
125 silly addNameRange     '3.3.0',
125 silly addNameRange     '2.14.1',
125 silly addNameRange     '2.14.2',
125 silly addNameRange     '3.3.1',
125 silly addNameRange     '2.14.3',
125 silly addNameRange     '3.3.2',
125 silly addNameRange     '2.14.4',
125 silly addNameRange     '3.3.3',
125 silly addNameRange     '2.14.5',
125 silly addNameRange     '3.3.4',
125 silly addNameRange     '2.14.6',
125 silly addNameRange     '3.3.5',
125 silly addNameRange     '3.3.6',
125 silly addNameRange     '2.14.7',
125 silly addNameRange     '2.14.8',
125 silly addNameRange     '3.3.7',
125 silly addNameRange     '3.3.8',
125 silly addNameRange     '3.3.9',
125 silly addNameRange     '3.3.10',
125 silly addNameRange     '2.14.9',
125 silly addNameRange     '3.3.11',
125 silly addNameRange     '1.4.29',
125 silly addNameRange     '3.3.12',
125 silly addNameRange     '2.14.10',
125 silly addNameRange     '3.4.0',
125 silly addNameRange     '3.4.1',
125 silly addNameRange     '2.14.11',
125 silly addNameRange     '2.14.12',
125 silly addNameRange     '3.5.0',
125 silly addNameRange     '3.5.1',
125 silly addNameRange     '2.14.13',
125 silly addNameRange     '2.14.14',
125 silly addNameRange     '3.5.2',
125 silly addNameRange     '2.14.15',
125 silly addNameRange     '3.5.3',
125 silly addNameRange     '3.5.4',
125 silly addNameRange     '3.6.0',
125 silly addNameRange     '2.14.16',
125 silly addNameRange     '2.14.17',
125 silly addNameRange     '3.7.0',
125 silly addNameRange     '3.7.1',
125 silly addNameRange     '3.7.2',
125 silly addNameRange     '2.14.18',
125 silly addNameRange     '3.7.3',
125 silly addNameRange     '2.14.19',
125 silly addNameRange     '2.14.20',
125 silly addNameRange     '3.7.4',
125 silly addNameRange     '3.7.5',
125 silly addNameRange     '2.14.21',
125 silly addNameRange     '3.8.0',
125 silly addNameRange     '2.14.22',
125 silly addNameRange     '3.8.1',
125 silly addNameRange     '3.8.2',
125 silly addNameRange     '2.15.0',
125 silly addNameRange     '2.15.1',
125 silly addNameRange     '3.8.3',
125 silly addNameRange     '2.15.2',
125 silly addNameRange     '3.8.4',
125 silly addNameRange     '3.8.5',
125 silly addNameRange     '3.8.6',
125 silly addNameRange     '2.15.3',
125 silly addNameRange     '3.8.7',
125 silly addNameRange     '2.15.4',
125 silly addNameRange     '3.8.8',
125 silly addNameRange     '3.8.9',
125 silly addNameRange     '2.15.5',
125 silly addNameRange     '3.9.0',
125 silly addNameRange     '3.9.1',
125 silly addNameRange     '2.15.6',
125 silly addNameRange     '3.9.2',
125 silly addNameRange     '3.9.3',
125 silly addNameRange     '3.9.4',
125 silly addNameRange     '3.9.5',
125 silly addNameRange     '3.9.6',
125 silly addNameRange     '3.10.0',
125 silly addNameRange     '2.15.7',
125 silly addNameRange     '3.10.1',
125 silly addNameRange     '2.15.8',
125 silly addNameRange     '3.10.2',
125 silly addNameRange     '3.10.3',
125 silly addNameRange     '3.10.4',
125 silly addNameRange     '2.15.9',
125 silly addNameRange     '3.10.5',
125 silly addNameRange     '3.10.6',
125 silly addNameRange     '3.10.7',
125 silly addNameRange     '2.15.10',
125 silly addNameRange     '3.10.8',
125 silly addNameRange     '2.15.11',
125 silly addNameRange     '3.10.9',
125 silly addNameRange     '4.0.0',
125 silly addNameRange     '4.0.1',
125 silly addNameRange     '4.0.2',
125 silly addNameRange     '3.10.10',
125 silly addNameRange     '4.0.3',
125 silly addNameRange     '4.0.5',
125 silly addNameRange     '4.1.0',
125 silly addNameRange     '4.1.1',
125 silly addNameRange     '4.1.2',
125 silly addNameRange     '4.2.0',
125 silly addNameRange     '4.3.0',
125 silly addNameRange     '4.4.0',
125 silly addNameRange     '4.4.1',
125 silly addNameRange     '4.4.2',
125 silly addNameRange     '4.4.3',
125 silly addNameRange     '4.4.4',
125 silly addNameRange     '4.5.0',
125 silly addNameRange     '2.15.12',
125 silly addNameRange     '4.6.0',
125 silly addNameRange     '4.6.1',
125 silly addNameRange     '5.0.0',
125 silly addNameRange     '5.0.1',
125 silly addNameRange     '5.0.2',
125 silly addNameRange     '5.0.3',
125 silly addNameRange     '5.0.4',
125 silly addNameRange     '5.1.0',
125 silly addNameRange     '5.2.0',
125 silly addNameRange     '5.3.0',
125 silly addNameRange     '5.4.0',
125 silly addNameRange     '5.4.1',
125 silly addNameRange     '5.4.2',
125 silly addNameRange     '5.5.0',
125 silly addNameRange     '5.5.1',
125 silly addNameRange     '5.6.0',
125 silly addNameRange     '5.7.0',
125 silly addNameRange     '5.7.1',
125 silly addNameRange     '5.8.0-next.0' ] ]
126 verbose addNamed [ 'npm', '5.7.1' ]
127 verbose addNamed [ '5.7.1', '5.7.1' ]
128 silly lockFile f124b754-npm-5-7-1 npm@5.7.1
129 verbose lock npm@5.7.1 /Users/xiaohaoli/.npm/f124b754-npm-5-7-1.lock
130 verbose read json /Users/xiaohaoli/.npm/npm/5.7.1/package/package.json
131 warn package.json npm@5.7.1 No README.md file found!
132 silly lockFile f124b754-npm-5-7-1 npm@5.7.1
133 silly lockFile f124b754-npm-5-7-1 npm@5.7.1
134 silly lockFile 2f990b75-npm npm@
135 silly lockFile 2f990b75-npm npm@
136 silly resolved [ { name: 'stable',
136 silly resolved     version: '0.1.6',
136 silly resolved     keywords: [ 'stable', 'array', 'sort' ],
136 silly resolved     description: 'A stable array sort for JavaScript',
136 silly resolved     repository: { type: 'git', url: 'https://github.com/Two-Screen/stable.git' },
136 silly resolved     main: './stable.js',
136 silly resolved     types: './index.d.ts',
136 silly resolved     devDependencies: { tape: '^4.6.3', 'uglify-js': '^2.8.12' },
136 silly resolved     scripts:
136 silly resolved      { test: 'node ./test.js',
136 silly resolved        minify: 'uglifyjs --comments \'/^!/\' -c -m -o ./stable.min.js ./stable.js' },
136 silly resolved     testling: { files: './test.js', browsers: [Object] },
136 silly resolved     author: { name: 'Angry Bytes', email: 'info@angrybytes.com' },
136 silly resolved     contributors: [ [Object], [Object], [Object] ],
136 silly resolved     license: 'MIT',
136 silly resolved     readme: '## Stable\n\nA stable array sort, because `Array#sort()` is not guaranteed stable.\n\nMIT licensed.\n\n[![Node.js CI](https://secure.travis-ci.org/Two-Screen/stable.png)](http://travis-ci.org/Two-Screen/stable)\n\n[![Browser CI](http://ci.testling.com/Two-Screen/stable.png)](http://ci.testling.com/Two-Screen/stable)\n\n#### From the browser\n\nInclude [`stable.js`] or the minified version [`stable.min.js`]\nin your page, then call `stable()`.\n\n [`stable.js`]: https://raw.github.com/Two-Screen/stable/master/stable.js\n [`stable.min.js`]: https://raw.github.com/Two-Screen/stable/master/stable.min.js\n\n#### From Node.js\n\nInstall using NPM:\n\n    npm install stable\n\nRequire in your code:\n\n    var stable = require("stable");\n\n#### Usage\n\nThe default sort is, as with `Array#sort`, lexicographical:\n\n    stable(["foo", "bar", "baz"]);   // => ["bar", "baz", "foo"]\n    stable([10, 1, 5]);              // => [1, 10, 5]\n\nUnlike `Array#sort`, the default sort is **NOT** in-place. To do an in-place\nsort, use `stable.inplace`, which otherwise works the same:\n\n    var arr = [10, 1, 5];\n    stable(arr) === arr;            // => false\n    stable.inplace(arr) === arr;    // => true\n\nA comparator function can be specified:\n\n    // Regular sort() compatible comparator, that returns a number.\n    // This demonstrates the default behavior.\n    function lexCmp(a, b) {\n        return String(a).localeCompare(b);\n    }\n    stable(["foo", "bar", "baz"], lexCmp);   // => ["bar", "baz", "foo"]\n\n    // Boolean comparator. Sorts `b` before `a` if true.\n    // This demonstrates a simple way to sort numerically.\n    function greaterThan(a, b) {\n        return a > b;\n    }\n    stable([10, 1, 5], greaterThan);  // -> [1, 5, 10]\n\n#### License\n\nCopyright (C) 2017 Angry Bytes and contributors.\n\nPermission is hereby granted, free of charge, to any person obtaining a copy of\nthis software and associated documentation files (the "Software"), to deal in\nthe Software without restriction, including without limitation the rights to\nuse, copy, modify, merge, publish, distribute, sublicense, and/or sell copies\nof the Software, and to permit persons to whom the Software is furnished to do\nso, subject to the following conditions:\n\nThe above copyright notice and this permission notice shall be included in all\ncopies or substantial portions of the Software.\n\nTHE SOFTWARE IS PROVIDED "AS IS", WITHOUT WARRANTY OF ANY KIND, EXPRESS OR\nIMPLIED, INCLUDING BUT NOT LIMITED TO THE WARRANTIES OF MERCHANTABILITY,\nFITNESS FOR A PARTICULAR PURPOSE AND NONINFRINGEMENT. IN NO EVENT SHALL THE\nAUTHORS OR COPYRIGHT HOLDERS BE LIABLE FOR ANY CLAIM, DAMAGES OR OTHER\nLIABILITY, WHETHER IN AN ACTION OF CONTRACT, TORT OR OTHERWISE, ARISING FROM,\nOUT OF OR IN CONNECTION WITH THE SOFTWARE OR THE USE OR OTHER DEALINGS IN THE\nSOFTWARE.\n',
136 silly resolved     readmeFilename: 'README.md',
136 silly resolved     _id: 'stable@0.1.6',
136 silly resolved     dist: { shasum: '090a012b38c8f8e31ff64f11daa125e3d473aa70' },
136 silly resolved     _from: 'stable@',
136 silly resolved     _resolved: 'https://registry.npmjs.org/stable/-/stable-0.1.6.tgz' },
136 silly resolved   { version: '5.7.1',
136 silly resolved     name: 'npm',
136 silly resolved     description: 'a package manager for JavaScript',
136 silly resolved     keywords: [ 'install', 'modules', 'package manager', 'package.json' ],
136 silly resolved     preferGlobal: true,
136 silly resolved     config: { publishtest: false },
136 silly resolved     homepage: 'https://docs.npmjs.com/',
136 silly resolved     author:
136 silly resolved      { name: 'Isaac Z. Schlueter',
136 silly resolved        email: 'i@izs.me',
136 silly resolved        url: 'http://blog.izs.me' },
136 silly resolved     repository: { type: 'git', url: 'git+https://github.com/npm/npm.git' },
136 silly resolved     bugs: { url: 'https://github.com/npm/npm/issues' },
136 silly resolved     directories: { bin: './bin', doc: './doc', lib: './lib', man: './man' },
136 silly resolved     main: './lib/npm.js',
136 silly resolved     bin: { npm: './bin/npm-cli.js', npx: './bin/npx-cli.js' },
136 silly resolved     dependencies:
136 silly resolved      { JSONStream: '^1.3.2',
136 silly resolved        abbrev: '~1.1.1',
136 silly resolved        'ansi-regex': '~3.0.0',
136 silly resolved        ansicolors: '~0.3.2',
136 silly resolved        ansistyles: '~0.1.3',
136 silly resolved        aproba: '~1.2.0',
136 silly resolved        archy: '~1.0.0',
136 silly resolved        'bin-links': '^1.1.0',
136 silly resolved        bluebird: '~3.5.1',
136 silly resolved        cacache: '^10.0.4',
136 silly resolved        'call-limit': '~1.1.0',
136 silly resolved        chownr: '~1.0.1',
136 silly resolved        'cli-table2': '~0.2.0',
136 silly resolved        'cmd-shim': '~2.0.2',
136 silly resolved        columnify: '~1.5.4',
136 silly resolved        'config-chain': '~1.1.11',
136 silly resolved        'detect-indent': '~5.0.0',
136 silly resolved        dezalgo: '~1.0.3',
136 silly resolved        editor: '~1.0.0',
136 silly resolved        'find-npm-prefix': '^1.0.2',
136 silly resolved        'fs-vacuum': '~1.2.10',
136 silly resolved        'fs-write-stream-atomic': '~1.0.10',
136 silly resolved        'gentle-fs': '^2.0.1',
136 silly resolved        glob: '~7.1.2',
136 silly resolved        'graceful-fs': '~4.1.11',
136 silly resolved        'has-unicode': '~2.0.1',
136 silly resolved        'hosted-git-info': '~2.5.0',
136 silly resolved        iferr: '~0.1.5',
136 silly resolved        inflight: '~1.0.6',
136 silly resolved        inherits: '~2.0.3',
136 silly resolved        ini: '^1.3.5',
136 silly resolved        'init-package-json': '~1.10.1',
136 silly resolved        'is-cidr': '~1.0.0',
136 silly resolved        'lazy-property': '~1.0.0',
136 silly resolved        libcipm: '^1.3.3',
136 silly resolved        libnpx: '~9.7.1',
136 silly resolved        lockfile: '~1.0.3',
136 silly resolved        'lodash._baseuniq': '~4.6.0',
136 silly resolved        'lodash.clonedeep': '~4.5.0',
136 silly resolved        'lodash.union': '~4.6.0',
136 silly resolved        'lodash.uniq': '~4.5.0',
136 silly resolved        'lodash.without': '~4.4.0',
136 silly resolved        'lru-cache': '~4.1.1',
136 silly resolved        meant: '~1.0.1',
136 silly resolved        mississippi: '^2.0.0',
136 silly resolved        mkdirp: '~0.5.1',
136 silly resolved        'move-concurrently': '^1.0.1',
136 silly resolved        nopt: '~4.0.1',
136 silly resolved        'normalize-package-data': '~2.4.0',
136 silly resolved        'npm-cache-filename': '~1.0.2',
136 silly resolved        'npm-install-checks': '~3.0.0',
136 silly resolved        'npm-lifecycle': '~2.0.0',
136 silly resolved        'npm-package-arg': '~6.0.0',
136 silly resolved        'npm-packlist': '~1.1.10',
136 silly resolved        'npm-profile': '^3.0.1',
136 silly resolved        'npm-registry-client': '~8.5.0',
136 silly resolved        'npm-user-validate': '~1.0.0',
136 silly resolved        npmlog: '~4.1.2',
136 silly resolved        once: '~1.4.0',
136 silly resolved        opener: '~1.4.3',
136 silly resolved        osenv: '^0.1.5',
136 silly resolved        pacote: '^7.3.3',
136 silly resolved        'path-is-inside': '~1.0.2',
136 silly resolved        'promise-inflight': '~1.0.1',
136 silly resolved        'qrcode-terminal': '~0.11.0',
136 silly resolved        'query-string': '^5.1.0',
136 silly resolved        qw: '~1.0.1',
136 silly resolved        read: '~1.0.7',
136 silly resolved        'read-cmd-shim': '~1.0.1',
136 silly resolved        'read-installed': '~4.0.3',
136 silly resolved        'read-package-json': '~2.0.12',
136 silly resolved        'read-package-tree': '~5.1.6',
136 silly resolved        'readable-stream': '^2.3.4',
136 silly resolved        request: '~2.83.0',
136 silly resolved        retry: '~0.10.1',
136 silly resolved        rimraf: '~2.6.2',
136 silly resolved        'safe-buffer': '~5.1.1',
136 silly resolved        semver: '^5.5.0',
136 silly resolved        sha: '~2.0.1',
136 silly resolved        slide: '~1.1.6',
136 silly resolved        'sorted-object': '~2.0.1',
136 silly resolved        'sorted-union-stream': '~2.1.3',
136 silly resolved        ssri: '^5.2.4',
136 silly resolved        'strip-ansi': '~4.0.0',
136 silly resolved        tar: '^4.3.3',
136 silly resolved        'text-table': '~0.2.0',
136 silly resolved        'uid-number': '0.0.6',
136 silly resolved        umask: '~1.1.0',
136 silly resolved        'unique-filename': '~1.1.0',
136 silly resolved        unpipe: '~1.0.0',
136 silly resolved        'update-notifier': '~2.3.0',
136 silly resolved        uuid: '^3.2.1',
136 silly resolved        'validate-npm-package-name': '~3.0.0',
136 silly resolved        which: '~1.3.0',
136 silly resolved        'worker-farm': '^1.5.2',
136 silly resolved        wrappy: '~1.0.2',
136 silly resolved        'write-file-atomic': '~2.1.0',
136 silly resolved        debuglog: '*',
136 silly resolved        imurmurhash: '*',
136 silly resolved        'lodash._baseindexof': '*',
136 silly resolved        'lodash._bindcallback': '*',
136 silly resolved        'lodash._cacheindexof': '*',
136 silly resolved        'lodash._createcache': '*',
136 silly resolved        'lodash._getnative': '*',
136 silly resolved        'lodash.restparam': '*',
136 silly resolved        'readdir-scoped-modules': '*',
136 silly resolved        'validate-npm-package-license': '*' },
136 silly resolved     bundleDependencies:
136 silly resolved      [ 'abbrev',
136 silly resolved        'ansi-regex',
136 silly resolved        'ansicolors',
136 silly resolved        'ansistyles',
136 silly resolved        'aproba',
136 silly resolved        'archy',
136 silly resolved        'cacache',
136 silly resolved        'call-limit',
136 silly resolved        'bluebird',
136 silly resolved        'bin-links',
136 silly resolved        'chownr',
136 silly resolved        'cli-table2',
136 silly resolved        'cmd-shim',
136 silly resolved        'columnify',
136 silly resolved        'config-chain',
136 silly resolved        'debuglog',
136 silly resolved        'detect-indent',
136 silly resolved        'dezalgo',
136 silly resolved        'editor',
136 silly resolved        'find-npm-prefix',
136 silly resolved        'fs-vacuum',
136 silly resolved        'fs-write-stream-atomic',
136 silly resolved        'gentle-fs',
136 silly resolved        'glob',
136 silly resolved        'graceful-fs',
136 silly resolved        'has-unicode',
136 silly resolved        'hosted-git-info',
136 silly resolved        'iferr',
136 silly resolved        'imurmurhash',
136 silly resolved        'inflight',
136 silly resolved        'inherits',
136 silly resolved        'ini',
136 silly resolved        'init-package-json',
136 silly resolved        'is-cidr',
136 silly resolved        'JSONStream',
136 silly resolved        'lazy-property',
136 silly resolved        'libcipm',
136 silly resolved        'libnpx',
136 silly resolved        'lockfile',
136 silly resolved        'lodash._baseindexof',
136 silly resolved        'lodash._baseuniq',
136 silly resolved        'lodash._bindcallback',
136 silly resolved        'lodash._cacheindexof',
136 silly resolved        'lodash._createcache',
136 silly resolved        'lodash._getnative',
136 silly resolved        'lodash.clonedeep',
136 silly resolved        'lodash.restparam',
136 silly resolved        'lodash.union',
136 silly resolved        'lodash.uniq',
136 silly resolved        'lodash.without',
136 silly resolved        'lru-cache',
136 silly resolved        'meant',
136 silly resolved        'mkdirp',
136 silly resolved        'mississippi',
136 silly resolved        'move-concurrently',
136 silly resolved        'nopt',
136 silly resolved        'normalize-package-data',
136 silly resolved        'npm-cache-filename',
136 silly resolved        'npm-lifecycle',
136 silly resolved        'npm-install-checks',
136 silly resolved        'npm-package-arg',
136 silly resolved        'npm-packlist',
136 silly resolved        'npm-profile',
136 silly resolved        'npm-registry-client',
136 silly resolved        'npm-user-validate',
136 silly resolved        'npmlog',
136 silly resolved        'once',
136 silly resolved        'opener',
136 silly resolved        'osenv',
136 silly resolved        'pacote',
136 silly resolved        'path-is-inside',
136 silly resolved        'promise-inflight',
136 silly resolved        'query-string',
136 silly resolved        'qrcode-terminal',
136 silly resolved        'qw',
136 silly resolved        'read',
136 silly resolved        'read-cmd-shim',
136 silly resolved        'read-installed',
136 silly resolved        'read-package-json',
136 silly resolved        'read-package-tree',
136 silly resolved        'readable-stream',
136 silly resolved        'readdir-scoped-modules',
136 silly resolved        'request',
136 silly resolved        'retry',
136 silly resolved        'rimraf',
136 silly resolved        'semver',
136 silly resolved        'sha',
136 silly resolved        'slide',
136 silly resolved        'sorted-object',
136 silly resolved        'sorted-union-stream',
136 silly resolved        'ssri',
136 silly resolved        'strip-ansi',
136 silly resolved        'tar',
136 silly resolved        'text-table',
136 silly resolved        'uid-number',
136 silly resolved        'umask',
136 silly resolved        'unique-filename',
136 silly resolved        'unpipe',
136 silly resolved        'update-notifier',
136 silly resolved        'uuid',
136 silly resolved        'validate-npm-package-license',
136 silly resolved        'validate-npm-package-name',
136 silly resolved        'which',
136 silly resolved        'wrappy',
136 silly resolved        'write-file-atomic',
136 silly resolved        'safe-buffer',
136 silly resolved        'worker-farm' ],
136 silly resolved     devDependencies:
136 silly resolved      { 'deep-equal': '~1.0.1',
136 silly resolved        marked: '^0.3.15',
136 silly resolved        'marked-man': '~0.2.1',
136 silly resolved        'npm-registry-couchapp': '^2.7.1',
136 silly resolved        'npm-registry-mock': '~1.1.0',
136 silly resolved        'require-inject': '~1.4.2',
136 silly resolved        'sprintf-js': '~1.1.1',
136 silly resolved        standard: '~6.0.8',
136 silly resolved        tacks: '~1.2.6',
136 silly resolved        tap: '^11.1.1' },
136 silly resolved     scripts:
136 silly resolved      { dumpconf: 'env | grep npm | sort | uniq',
136 silly resolved        prepare: 'node bin/npm-cli.js --no-timing prune --prefix=. --no-global && rimraf test/*/*/node_modules && make -j4 doc',
136 silly resolved        preversion: 'bash scripts/update-authors.sh && git add AUTHORS && git commit -m "update AUTHORS" || true',
136 silly resolved        tap: 'tap --timeout 300',
136 silly resolved        'tap-cover': 'tap --nyc-arg=\'--cache\' --coverage --timeout 600',
136 silly resolved        test: 'standard && npm run test-tap',
136 silly resolved        'test-coverage': 'npm run tap-cover -- "test/tap/*.js" "test/network/*.js" "test/broken-under-*/*.js"',
136 silly resolved        'test-tap': 'npm run tap -- "test/tap/*.js" "test/network/*.js" "test/broken-under-*/*.js"',
136 silly resolved        'test-node': 'tap --timeout 240 "test/tap/*.js" "test/network/*.js" "test/broken-under-nyc*/*.js"' },
136 silly resolved     license: 'Artistic-2.0',
136 silly resolved     contributors:
136 silly resolved      [ [Object],
136 silly resolved        [Object],
136 silly resolved        [Object],
136 silly resolved        [Object],
136 silly resolved        [Object],
136 silly resolved        [Object],
136 silly resolved        [Object],
136 silly resolved        [Object],
136 silly resolved        [Object],
136 silly resolved        [Object],
136 silly resolved        [Object],
136 silly resolved        [Object],
136 silly resolved        [Object],
136 silly resolved        [Object],
136 silly resolved        [Object],
136 silly resolved        [Object],
136 silly resolved        [Object],
136 silly resolved        [Object],
136 silly resolved        [Object],
136 silly resolved        [Object],
136 silly resolved        [Object],
136 silly resolved        [Object],
136 silly resolved        [Object],
136 silly resolved        [Object],
136 silly resolved        [Object],
136 silly resolved        [Object],
136 silly resolved        [Object],
136 silly resolved        [Object],
136 silly resolved        [Object],
136 silly resolved        [Object],
136 silly resolved        [Object],
136 silly resolved        [Object],
136 silly resolved        [Object],
136 silly resolved        [Object],
136 silly resolved        [Object],
136 silly resolved        [Object],
136 silly resolved        [Object],
136 silly resolved        [Object],
136 silly resolved        [Object],
136 silly resolved        [Object],
136 silly resolved        [Object],
136 silly resolved        [Object],
136 silly resolved        [Object],
136 silly resolved        [Object],
136 silly resolved        [Object],
136 silly resolved        [Object],
136 silly resolved        [Object],
136 silly resolved        [Object],
136 silly resolved        [Object],
136 silly resolved        [Object],
136 silly resolved        [Object],
136 silly resolved        [Object],
136 silly resolved        [Object],
136 silly resolved        [Object],
136 silly resolved        [Object],
136 silly resolved        [Object],
136 silly resolved        [Object],
136 silly resolved        [Object],
136 silly resolved        [Object],
136 silly resolved        [Object],
136 silly resolved        [Object],
136 silly resolved        [Object],
136 silly resolved        [Object],
136 silly resolved        [Object],
136 silly resolved        [Object],
136 silly resolved        [Object],
136 silly resolved        [Object],
136 silly resolved        [Object],
136 silly resolved        [Object],
136 silly resolved        [Object],
136 silly resolved        [Object],
136 silly resolved        [Object],
136 silly resolved        [Object],
136 silly resolved        [Object],
136 silly resolved        [Object],
136 silly resolved        [Object],
136 silly resolved        [Object],
136 silly resolved        [Object],
136 silly resolved        [Object],
136 silly resolved        [Object],
136 silly resolved        [Object],
136 silly resolved        [Object],
136 silly resolved        [Object],
136 silly resolved        [Object],
136 silly resolved        [Object],
136 silly resolved        [Object],
136 silly resolved        [Object],
136 silly resolved        [Object],
136 silly resolved        [Object],
136 silly resolved        [Object],
136 silly resolved        [Object],
136 silly resolved        [Object],
136 silly resolved        [Object],
136 silly resolved        [Object],
136 silly resolved        [Object],
136 silly resolved        [Object],
136 silly resolved        [Object],
136 silly resolved        [Object],
136 silly resolved        [Object],
136 silly resolved        [Object],
136 silly resolved        [Object],
136 silly resolved        [Object],
136 silly resolved        [Object],
136 silly resolved        [Object],
136 silly resolved        [Object],
136 silly resolved        [Object],
136 silly resolved        [Object],
136 silly resolved        [Object],
136 silly resolved        [Object],
136 silly resolved        [Object],
136 silly resolved        [Object],
136 silly resolved        [Object],
136 silly resolved        [Object],
136 silly resolved        [Object],
136 silly resolved        [Object],
136 silly resolved        [Object],
136 silly resolved        [Object],
136 silly resolved        [Object],
136 silly resolved        [Object],
136 silly resolved        [Object],
136 silly resolved        [Object],
136 silly resolved        [Object],
136 silly resolved        [Object],
136 silly resolved        [Object],
136 silly resolved        [Object],
136 silly resolved        [Object],
136 silly resolved        [Object],
136 silly resolved        [Object],
136 silly resolved        [Object],
136 silly resolved        [Object],
136 silly resolved        [Object],
136 silly resolved        [Object],
136 silly resolved        [Object],
136 silly resolved        [Object],
136 silly resolved        [Object],
136 silly resolved        [Object],
136 silly resolved        [Object],
136 silly resolved        [Object],
136 silly resolved        [Object],
136 silly resolved        [Object],
136 silly resolved        [Object],
136 silly resolved        [Object],
136 silly resolved        [Object],
136 silly resolved        [Object],
136 silly resolved        [Object],
136 silly resolved        [Object],
136 silly resolved        [Object],
136 silly resolved        [Object],
136 silly resolved        [Object],
136 silly resolved        [Object],
136 silly resolved        [Object],
136 silly resolved        [Object],
136 silly resolved        [Object],
136 silly resolved        [Object],
136 silly resolved        [Object],
136 silly resolved        [Object],
136 silly resolved        [Object],
136 silly resolved        [Object],
136 silly resolved        [Object],
136 silly resolved        [Object],
136 silly resolved        [Object],
136 silly resolved        [Object],
136 silly resolved        [Object],
136 silly resolved        [Object],
136 silly resolved        [Object],
136 silly resolved        [Object],
136 silly resolved        [Object],
136 silly resolved        [Object],
136 silly resolved        [Object],
136 silly resolved        [Object],
136 silly resolved        [Object],
136 silly resolved        [Object],
136 silly resolved        [Object],
136 silly resolved        [Object],
136 silly resolved        [Object],
136 silly resolved        [Object],
136 silly resolved        [Object],
136 silly resolved        [Object],
136 silly resolved        [Object],
136 silly resolved        [Object],
136 silly resolved        [Object],
136 silly resolved        [Object],
136 silly resolved        [Object],
136 silly resolved        [Object],
136 silly resolved        [Object],
136 silly resolved        [Object],
136 silly resolved        [Object],
136 silly resolved        [Object],
136 silly resolved        [Object],
136 silly resolved        [Object],
136 silly resolved        [Object],
136 silly resolved        [Object],
136 silly resolved        [Object],
136 silly resolved        [Object],
136 silly resolved        [Object],
136 silly resolved        [Object],
136 silly resolved        [Object],
136 silly resolved        [Object],
136 silly resolved        [Object],
136 silly resolved        [Object],
136 silly resolved        [Object],
136 silly resolved        [Object],
136 silly resolved        [Object],
136 silly resolved        [Object],
136 silly resolved        [Object],
136 silly resolved        [Object],
136 silly resolved        [Object],
136 silly resolved        [Object],
136 silly resolved        [Object],
136 silly resolved        [Object],
136 silly resolved        [Object],
136 silly resolved        [Object],
136 silly resolved        [Object],
136 silly resolved        [Object],
136 silly resolved        [Object],
136 silly resolved        [Object],
136 silly resolved        [Object],
136 silly resolved        [Object],
136 silly resolved        [Object],
136 silly resolved        [Object],
136 silly resolved        [Object],
136 silly resolved        [Object],
136 silly resolved        [Object],
136 silly resolved        [Object],
136 silly resolved        [Object],
136 silly resolved        [Object],
136 silly resolved        [Object],
136 silly resolved        [Object],
136 silly resolved        [Object],
136 silly resolved        [Object],
136 silly resolved        [Object],
136 silly resolved        [Object],
136 silly resolved        [Object],
136 silly resolved        [Object],
136 silly resolved        [Object],
136 silly resolved        [Object],
136 silly resolved        [Object],
136 silly resolved        [Object],
136 silly resolved        [Object],
136 silly resolved        [Object],
136 silly resolved        [Object],
136 silly resolved        [Object],
136 silly resolved        [Object],
136 silly resolved        [Object],
136 silly resolved        [Object],
136 silly resolved        [Object],
136 silly resolved        [Object],
136 silly resolved        [Object],
136 silly resolved        [Object],
136 silly resolved        [Object],
136 silly resolved        [Object],
136 silly resolved        [Object],
136 silly resolved        [Object],
136 silly resolved        [Object],
136 silly resolved        [Object],
136 silly resolved        [Object],
136 silly resolved        [Object],
136 silly resolved        [Object],
136 silly resolved        [Object],
136 silly resolved        [Object],
136 silly resolved        [Object],
136 silly resolved        [Object],
136 silly resolved        [Object],
136 silly resolved        [Object],
136 silly resolved        [Object],
136 silly resolved        [Object],
136 silly resolved        [Object],
136 silly resolved        [Object],
136 silly resolved        [Object],
136 silly resolved        [Object],
136 silly resolved        [Object],
136 silly resolved        [Object],
136 silly resolved        [Object],
136 silly resolved        [Object],
136 silly resolved        [Object],
136 silly resolved        [Object],
136 silly resolved        [Object],
136 silly resolved        [Object],
136 silly resolved        [Object],
136 silly resolved        [Object],
136 silly resolved        [Object],
136 silly resolved        [Object],
136 silly resolved        [Object],
136 silly resolved        [Object],
136 silly resolved        [Object],
136 silly resolved        [Object],
136 silly resolved        [Object],
136 silly resolved        [Object],
136 silly resolved        [Object],
136 silly resolved        [Object],
136 silly resolved        [Object],
136 silly resolved        [Object],
136 silly resolved        [Object],
136 silly resolved        [Object],
136 silly resolved        [Object],
136 silly resolved        [Object],
136 silly resolved        [Object],
136 silly resolved        [Object],
136 silly resolved        [Object],
136 silly resolved        [Object],
136 silly resolved        [Object],
136 silly resolved        [Object],
136 silly resolved        [Object],
136 silly resolved        [Object],
136 silly resolved        [Object],
136 silly resolved        [Object],
136 silly resolved        [Object],
136 silly resolved        [Object],
136 silly resolved        [Object],
136 silly resolved        [Object],
136 silly resolved        [Object],
136 silly resolved        [Object],
136 silly resolved        [Object],
136 silly resolved        [Object],
136 silly resolved        [Object],
136 silly resolved        [Object],
136 silly resolved        [Object],
136 silly resolved        [Object],
136 silly resolved        [Object],
136 silly resolved        [Object],
136 silly resolved        [Object],
136 silly resolved        [Object],
136 silly resolved        [Object],
136 silly resolved        [Object],
136 silly resolved        [Object],
136 silly resolved        [Object],
136 silly resolved        [Object],
136 silly resolved        [Object],
136 silly resolved        [Object],
136 silly resolved        [Object],
136 silly resolved        [Object],
136 silly resolved        [Object],
136 silly resolved        [Object],
136 silly resolved        [Object],
136 silly resolved        [Object],
136 silly resolved        [Object],
136 silly resolved        [Object],
136 silly resolved        [Object],
136 silly resolved        [Object],
136 silly resolved        [Object],
136 silly resolved        [Object],
136 silly resolved        [Object],
136 silly resolved        [Object],
136 silly resolved        [Object],
136 silly resolved        [Object],
136 silly resolved        [Object],
136 silly resolved        [Object],
136 silly resolved        [Object],
136 silly resolved        [Object],
136 silly resolved        [Object],
136 silly resolved        [Object],
136 silly resolved        [Object],
136 silly resolved        [Object],
136 silly resolved        [Object],
136 silly resolved        [Object],
136 silly resolved        [Object],
136 silly resolved        [Object],
136 silly resolved        [Object],
136 silly resolved        [Object],
136 silly resolved        [Object],
136 silly resolved        [Object],
136 silly resolved        [Object],
136 silly resolved        [Object],
136 silly resolved        [Object],
136 silly resolved        [Object],
136 silly resolved        [Object],
136 silly resolved        [Object],
136 silly resolved        [Object],
136 silly resolved        [Object],
136 silly resolved        [Object],
136 silly resolved        [Object],
136 silly resolved        [Object],
136 silly resolved        [Object],
136 silly resolved        [Object],
136 silly resolved        [Object],
136 silly resolved        [Object],
136 silly resolved        [Object],
136 silly resolved        [Object],
136 silly resolved        [Object],
136 silly resolved        [Object],
136 silly resolved        [Object],
136 silly resolved        [Object],
136 silly resolved        [Object],
136 silly resolved        [Object],
136 silly resolved        [Object],
136 silly resolved        [Object],
136 silly resolved        [Object],
136 silly resolved        [Object],
136 silly resolved        [Object],
136 silly resolved        [Object],
136 silly resolved        [Object],
136 silly resolved        [Object],
136 silly resolved        [Object],
136 silly resolved        [Object],
136 silly resolved        [Object],
136 silly resolved        [Object],
136 silly resolved        [Object],
136 silly resolved        [Object],
136 silly resolved        [Object],
136 silly resolved        [Object],
136 silly resolved        [Object],
136 silly resolved        [Object],
136 silly resolved        [Object],
136 silly resolved        [Object],
136 silly resolved        [Object],
136 silly resolved        [Object],
136 silly resolved        [Object],
136 silly resolved        [Object],
136 silly resolved        [Object],
136 silly resolved        [Object],
136 silly resolved        [Object],
136 silly resolved        [Object],
136 silly resolved        [Object],
136 silly resolved        [Object],
136 silly resolved        [Object],
136 silly resolved        [Object],
136 silly resolved        [Object],
136 silly resolved        [Object],
136 silly resolved        [Object],
136 silly resolved        [Object],
136 silly resolved        [Object],
136 silly resolved        [Object],
136 silly resolved        [Object],
136 silly resolved        [Object],
136 silly resolved        [Object],
136 silly resolved        [Object],
136 silly resolved        [Object],
136 silly resolved        [Object],
136 silly resolved        [Object],
136 silly resolved        [Object],
136 silly resolved        [Object],
136 silly resolved        [Object],
136 silly resolved        [Object],
136 silly resolved        [Object],
136 silly resolved        [Object],
136 silly resolved        [Object],
136 silly resolved        [Object],
136 silly resolved        [Object],
136 silly resolved        [Object],
136 silly resolved        [Object],
136 silly resolved        [Object],
136 silly resolved        [Object],
136 silly resolved        [Object],
136 silly resolved        [Object],
136 silly resolved        [Object],
136 silly resolved        [Object],
136 silly resolved        [Object],
136 silly resolved        [Object],
136 silly resolved        [Object],
136 silly resolved        [Object],
136 silly resolved        [Object],
136 silly resolved        [Object],
136 silly resolved        [Object],
136 silly resolved        [Object],
136 silly resolved        [Object],
136 silly resolved        [Object],
136 silly resolved        [Object],
136 silly resolved        [Object],
136 silly resolved        [Object],
136 silly resolved        [Object],
136 silly resolved        [Object],
136 silly resolved        [Object],
136 silly resolved        [Object],
136 silly resolved        [Object],
136 silly resolved        [Object],
136 silly resolved        [Object],
136 silly resolved        [Object],
136 silly resolved        [Object],
136 silly resolved        [Object],
136 silly resolved        [Object],
136 silly resolved        [Object],
136 silly resolved        [Object],
136 silly resolved        [Object],
136 silly resolved        [Object],
136 silly resolved        [Object],
136 silly resolved        [Object],
136 silly resolved        [Object],
136 silly resolved        [Object],
136 silly resolved        [Object],
136 silly resolved        [Object],
136 silly resolved        [Object],
136 silly resolved        [Object],
136 silly resolved        [Object],
136 silly resolved        [Object],
136 silly resolved        [Object],
136 silly resolved        [Object],
136 silly resolved        [Object],
136 silly resolved        [Object],
136 silly resolved        [Object],
136 silly resolved        [Object],
136 silly resolved        [Object],
136 silly resolved        [Object],
136 silly resolved        [Object],
136 silly resolved        [Object],
136 silly resolved        [Object],
136 silly resolved        [Object],
136 silly resolved        [Object],
136 silly resolved        [Object],
136 silly resolved        [Object],
136 silly resolved        [Object],
136 silly resolved        [Object],
136 silly resolved        [Object],
136 silly resolved        [Object],
136 silly resolved        [Object],
136 silly resolved        [Object],
136 silly resolved        [Object],
136 silly resolved        [Object],
136 silly resolved        [Object],
136 silly resolved        [Object],
136 silly resolved        [Object],
136 silly resolved        [Object],
136 silly resolved        [Object],
136 silly resolved        [Object],
136 silly resolved        [Object],
136 silly resolved        [Object],
136 silly resolved        [Object],
136 silly resolved        [Object],
136 silly resolved        [Object],
136 silly resolved        [Object],
136 silly resolved        [Object],
136 silly resolved        [Object],
136 silly resolved        [Object],
136 silly resolved        [Object],
136 silly resolved        [Object],
136 silly resolved        [Object],
136 silly resolved        [Object],
136 silly resolved        [Object],
136 silly resolved        [Object],
136 silly resolved        [Object],
136 silly resolved        [Object],
136 silly resolved        [Object],
136 silly resolved        [Object],
136 silly resolved        [Object],
136 silly resolved        [Object],
136 silly resolved        [Object],
136 silly resolved        [Object],
136 silly resolved        [Object],
136 silly resolved        [Object] ],
136 silly resolved     man:
136 silly resolved      [ '/Users/zkat/Documents/code/npm/man/man1/npm-access.1',
136 silly resolved        '/Users/zkat/Documents/code/npm/man/man1/npm-adduser.1',
136 silly resolved        '/Users/zkat/Documents/code/npm/man/man1/npm-bin.1',
136 silly resolved        '/Users/zkat/Documents/code/npm/man/man1/npm-bugs.1',
136 silly resolved        '/Users/zkat/Documents/code/npm/man/man1/npm-build.1',
136 silly resolved        '/Users/zkat/Documents/code/npm/man/man1/npm-bundle.1',
136 silly resolved        '/Users/zkat/Documents/code/npm/man/man1/npm-cache.1',
136 silly resolved        '/Users/zkat/Documents/code/npm/man/man1/npm-ci.1',
136 silly resolved        '/Users/zkat/Documents/code/npm/man/man1/npm-completion.1',
136 silly resolved        '/Users/zkat/Documents/code/npm/man/man1/npm-config.1',
136 silly resolved        '/Users/zkat/Documents/code/npm/man/man1/npm-dedupe.1',
136 silly resolved        '/Users/zkat/Documents/code/npm/man/man1/npm-deprecate.1',
136 silly resolved        '/Users/zkat/Documents/code/npm/man/man1/npm-dist-tag.1',
136 silly resolved        '/Users/zkat/Documents/code/npm/man/man1/npm-docs.1',
136 silly resolved        '/Users/zkat/Documents/code/npm/man/man1/npm-doctor.1',
136 silly resolved        '/Users/zkat/Documents/code/npm/man/man1/npm-edit.1',
136 silly resolved        '/Users/zkat/Documents/code/npm/man/man1/npm-explore.1',
136 silly resolved        '/Users/zkat/Documents/code/npm/man/man1/npm-help-search.1',
136 silly resolved        '/Users/zkat/Documents/code/npm/man/man1/npm-help.1',
136 silly resolved        '/Users/zkat/Documents/code/npm/man/man1/npm-init.1',
136 silly resolved        '/Users/zkat/Documents/code/npm/man/man1/npm-install-test.1',
136 silly resolved        '/Users/zkat/Documents/code/npm/man/man1/npm-install.1',
136 silly resolved        '/Users/zkat/Documents/code/npm/man/man1/npm-link.1',
136 silly resolved        '/Users/zkat/Documents/code/npm/man/man1/npm-logout.1',
136 silly resolved        '/Users/zkat/Documents/code/npm/man/man1/npm-ls.1',
136 silly resolved        '/Users/zkat/Documents/code/npm/man/man1/npm-outdated.1',
136 silly resolved        '/Users/zkat/Documents/code/npm/man/man1/npm-owner.1',
136 silly resolved        '/Users/zkat/Documents/code/npm/man/man1/npm-pack.1',
136 silly resolved        '/Users/zkat/Documents/code/npm/man/man1/npm-ping.1',
136 silly resolved        '/Users/zkat/Documents/code/npm/man/man1/npm-prefix.1',
136 silly resolved        '/Users/zkat/Documents/code/npm/man/man1/npm-profile.1',
136 silly resolved        '/Users/zkat/Documents/code/npm/man/man1/npm-prune.1',
136 silly resolved        '/Users/zkat/Documents/code/npm/man/man1/npm-publish.1',
136 silly resolved        '/Users/zkat/Documents/code/npm/man/man1/npm-README.1',
136 silly resolved        '/Users/zkat/Documents/code/npm/man/man1/npm-rebuild.1',
136 silly resolved        '/Users/zkat/Documents/code/npm/man/man1/npm-repo.1',
136 silly resolved        '/Users/zkat/Documents/code/npm/man/man1/npm-restart.1',
136 silly resolved        '/Users/zkat/Documents/code/npm/man/man1/npm-root.1',
136 silly resolved        '/Users/zkat/Documents/code/npm/man/man1/npm-run-script.1',
136 silly resolved        '/Users/zkat/Documents/code/npm/man/man1/npm-search.1',
136 silly resolved        '/Users/zkat/Documents/code/npm/man/man1/npm-shrinkwrap.1',
136 silly resolved        '/Users/zkat/Documents/code/npm/man/man1/npm-star.1',
136 silly resolved        '/Users/zkat/Documents/code/npm/man/man1/npm-stars.1',
136 silly resolved        '/Users/zkat/Documents/code/npm/man/man1/npm-start.1',
136 silly resolved        '/Users/zkat/Documents/code/npm/man/man1/npm-stop.1',
136 silly resolved        '/Users/zkat/Documents/code/npm/man/man1/npm-team.1',
136 silly resolved        '/Users/zkat/Documents/code/npm/man/man1/npm-test.1',
136 silly resolved        '/Users/zkat/Documents/code/npm/man/man1/npm-token.1',
136 silly resolved        '/Users/zkat/Documents/code/npm/man/man1/npm-uninstall.1',
136 silly resolved        '/Users/zkat/Documents/code/npm/man/man1/npm-unpublish.1',
136 silly resolved        '/Users/zkat/Documents/code/npm/man/man1/npm-update.1',
136 silly resolved        '/Users/zkat/Documents/code/npm/man/man1/npm-version.1',
136 silly resolved        '/Users/zkat/Documents/code/npm/man/man1/npm-view.1',
136 silly resolved        '/Users/zkat/Documents/code/npm/man/man1/npm-whoami.1',
136 silly resolved        '/Users/zkat/Documents/code/npm/man/man1/npm.1',
136 silly resolved        '/Users/zkat/Documents/code/npm/man/man1/npx.1',
136 silly resolved        '/Users/zkat/Documents/code/npm/man/man5/npm-folders.5',
136 silly resolved        '/Users/zkat/Documents/code/npm/man/man5/npm-global.5',
136 silly resolved        '/Users/zkat/Documents/code/npm/man/man5/npm-json.5',
136 silly resolved        '/Users/zkat/Documents/code/npm/man/man5/npm-package-locks.5',
136 silly resolved        '/Users/zkat/Documents/code/npm/man/man5/npm-shrinkwrap.json.5',
136 silly resolved        '/Users/zkat/Documents/code/npm/man/man5/npmrc.5',
136 silly resolved        '/Users/zkat/Documents/code/npm/man/man5/package-lock.json.5',
136 silly resolved        '/Users/zkat/Documents/code/npm/man/man5/package.json.5',
136 silly resolved        '/Users/zkat/Documents/code/npm/man/man7/npm-coding-style.7',
136 silly resolved        '/Users/zkat/Documents/code/npm/man/man7/npm-config.7',
136 silly resolved        '/Users/zkat/Documents/code/npm/man/man7/npm-developers.7',
136 silly resolved        '/Users/zkat/Documents/code/npm/man/man7/npm-disputes.7',
136 silly resolved        '/Users/zkat/Documents/code/npm/man/man7/npm-index.7',
136 silly resolved        '/Users/zkat/Documents/code/npm/man/man7/npm-orgs.7',
136 silly resolved        '/Users/zkat/Documents/code/npm/man/man7/npm-registry.7',
136 silly resolved        '/Users/zkat/Documents/code/npm/man/man7/npm-scope.7',
136 silly resolved        '/Users/zkat/Documents/code/npm/man/man7/npm-scripts.7',
136 silly resolved        '/Users/zkat/Documents/code/npm/man/man7/removing-npm.7',
136 silly resolved        '/Users/zkat/Documents/code/npm/man/man7/semver.7' ],
136 silly resolved     gitHead: '8452a9d9b231bc6c95745bb49a4b838ce11d3b9c',
136 silly resolved     _id: 'npm@5.7.1',
136 silly resolved     _npmVersion: '5.7.1',
136 silly resolved     _nodeVersion: '8.9.4',
136 silly resolved     _npmUser: { name: 'zkat', email: 'kzm@sykosomatic.org' },
136 silly resolved     dist:
136 silly resolved      { integrity: 'sha512-r1grvv6mcEt+nlMzMWPc5n/z5q8NNuBWj0TGFp1PBSFCl6ubnAoUGBsucYsnZYT7MOJn0ha1ptEjmdBoAdJ+SA==',
136 silly resolved        shasum: 'cf03d41f70472a74d08061cbe8d56ac418026a55',
136 silly resolved        tarball: 'http://registry.npmjs.org/npm/-/npm-5.7.1.tgz',
136 silly resolved        fileCount: 5286,
136 silly resolved        unpackedSize: 21789682 },
136 silly resolved     maintainers: [ [Object], [Object], [Object], [Object] ],
136 silly resolved     _npmOperationalInternal:
136 silly resolved      { host: 's3://npm-registry-packages',
136 silly resolved        tmp: 'tmp/npm_5.7.1_1519320528692_0.40735671938199847' },
136 silly resolved     _shasum: 'cf03d41f70472a74d08061cbe8d56ac418026a55',
136 silly resolved     _resolved: 'https://registry.npmjs.org/npm/-/npm-5.7.1.tgz',
136 silly resolved     _from: 'npm@',
136 silly resolved     readme: 'ERROR: No README.md file found!' } ]
137 info install stable@0.1.6 into /Users/xiaohaoli/.nvm/v0.8.22/lib
138 info install npm@5.7.1 into /Users/xiaohaoli/.nvm/v0.8.22/lib
139 info installOne stable@0.1.6
140 info installOne npm@5.7.1
141 verbose from cache /Users/xiaohaoli/.npm/stable/0.1.6/package/package.json
142 info /Users/xiaohaoli/.nvm/v0.8.22/lib/node_modules/stable unbuild
143 verbose read json /Users/xiaohaoli/.nvm/v0.8.22/lib/node_modules/stable/package.json
144 verbose from cache /Users/xiaohaoli/.npm/npm/5.7.1/package/package.json
145 info /Users/xiaohaoli/.nvm/v0.8.22/lib/node_modules/npm unbuild
146 verbose read json /Users/xiaohaoli/.nvm/v0.8.22/lib/node_modules/npm/package.json
147 verbose tar unpack /Users/xiaohaoli/.npm/stable/0.1.6/package.tgz
148 silly lockFile 2e64cb55--v0-8-22-lib-node-modules-stable /Users/xiaohaoli/.nvm/v0.8.22/lib/node_modules/stable
149 verbose lock /Users/xiaohaoli/.nvm/v0.8.22/lib/node_modules/stable /Users/xiaohaoli/.npm/2e64cb55--v0-8-22-lib-node-modules-stable.lock
150 silly lockFile 4380b86f-oli-npm-stable-0-1-6-package-tgz /Users/xiaohaoli/.npm/stable/0.1.6/package.tgz
151 verbose lock /Users/xiaohaoli/.npm/stable/0.1.6/package.tgz /Users/xiaohaoli/.npm/4380b86f-oli-npm-stable-0-1-6-package-tgz.lock
152 silly gunzTarPerm modes [ '755', '644' ]
153 info preuninstall npm@1.2.14
154 silly gunzTarPerm extractEntry package.json
155 info uninstall npm@1.2.14
156 verbose true,/Users/xiaohaoli/.nvm/v0.8.22/lib/node_modules,/Users/xiaohaoli/.nvm/v0.8.22/lib/node_modules unbuild npm@1.2.14
157 verbose /Users/xiaohaoli/.nvm/v0.8.22/bin,[object Object] binRoot
158 silly gunzTarPerm extractEntry .npmignore
159 silly gunzTarPerm extractEntry README.md
160 info postuninstall npm@1.2.14
161 silly gunzTarPerm extractEntry test.js
162 silly gunzTarPerm extractEntry stable.js
163 silly gunzTarPerm extractEntry bower.json
164 silly gunzTarPerm extractEntry index.d.ts
165 silly gunzTarPerm extractEntry .travis.yml
166 verbose tar unpack /Users/xiaohaoli/.npm/npm/5.7.1/package.tgz
167 silly lockFile e436a818-nvm-v0-8-22-lib-node-modules-npm /Users/xiaohaoli/.nvm/v0.8.22/lib/node_modules/npm
168 verbose lock /Users/xiaohaoli/.nvm/v0.8.22/lib/node_modules/npm /Users/xiaohaoli/.npm/e436a818-nvm-v0-8-22-lib-node-modules-npm.lock
169 silly lockFile 9bac331d-ohaoli-npm-npm-5-7-1-package-tgz /Users/xiaohaoli/.npm/npm/5.7.1/package.tgz
170 verbose lock /Users/xiaohaoli/.npm/npm/5.7.1/package.tgz /Users/xiaohaoli/.npm/9bac331d-ohaoli-npm-npm-5-7-1-package-tgz.lock
171 silly gunzTarPerm modes [ '755', '644' ]
172 silly gunzTarPerm extractEntry package.json
173 silly gunzTarPerm extractEntry .mailmap
174 silly gunzTarPerm extractEntry .npmignore
175 silly gunzTarPerm extractEntry .travis.yml
176 silly gunzTarPerm extractEntry appveyor.yml
177 silly gunzTarPerm extractEntry AUTHORS
178 silly gunzTarPerm extractEntry BROKEN.org
179 silly gunzTarPerm extractEntry CHANGELOG.md
180 verbose read json /Users/xiaohaoli/.nvm/v0.8.22/lib/node_modules/stable/package.json
181 silly gunzTarPerm extractEntry configure
182 silly gunzTarPerm extractEntry CONTRIBUTING.md
183 silly lockFile 2e64cb55--v0-8-22-lib-node-modules-stable /Users/xiaohaoli/.nvm/v0.8.22/lib/node_modules/stable
184 silly lockFile 2e64cb55--v0-8-22-lib-node-modules-stable /Users/xiaohaoli/.nvm/v0.8.22/lib/node_modules/stable
185 silly lockFile 4380b86f-oli-npm-stable-0-1-6-package-tgz /Users/xiaohaoli/.npm/stable/0.1.6/package.tgz
186 silly lockFile 4380b86f-oli-npm-stable-0-1-6-package-tgz /Users/xiaohaoli/.npm/stable/0.1.6/package.tgz
187 silly gunzTarPerm extractEntry LICENSE
188 silly gunzTarPerm extractEntry make.bat
189 info preinstall stable@0.1.6
190 verbose from cache /Users/xiaohaoli/.nvm/v0.8.22/lib/node_modules/stable/package.json
191 verbose readDependencies using package.json deps
192 verbose from cache /Users/xiaohaoli/.nvm/v0.8.22/lib/node_modules/stable/package.json
193 verbose readDependencies using package.json deps
194 silly resolved []
195 verbose about to build /Users/xiaohaoli/.nvm/v0.8.22/lib/node_modules/stable
196 error Error: Cannot find module '/Users/xiaohaoli/.nvm/v0.8.22/lib/node_modules/npm/lib/build.js'
196 error     at Function.Module._resolveFilename (module.js:338:15)
196 error     at Function.Module._load (module.js:280:25)
196 error     at Module.require (module.js:362:17)
196 error     at require (module.js:378:17)
196 error     at Object.keys.concat.forEach.Object.defineProperty.get (/Users/xiaohaoli/.nvm/v0.8.22/lib/node_modules/npm/lib/npm.js:183:15)
196 error     at /Users/xiaohaoli/.nvm/v0.8.22/lib/node_modules/npm/lib/install.js:1032:18
196 error     at asyncMap (/Users/xiaohaoli/.nvm/v0.8.22/lib/node_modules/npm/node_modules/slide/lib/async-map.js:27:18)
196 error     at /Users/xiaohaoli/.nvm/v0.8.22/lib/node_modules/npm/lib/install.js:569:7
196 error     at asyncMap (/Users/xiaohaoli/.nvm/v0.8.22/lib/node_modules/npm/node_modules/slide/lib/async-map.js:27:18)
196 error     at /Users/xiaohaoli/.nvm/v0.8.22/lib/node_modules/npm/lib/install.js:550:5
197 error If you need help, you may report this log at:
197 error     <http://github.com/isaacs/npm/issues>
197 error or email it to:
197 error     <npm-@googlegroups.com>
198 error System Darwin 17.2.0
199 error command "/Users/xiaohaoli/.nvm/v0.8.22/bin/node" "/Users/xiaohaoli/.nvm/v0.8.22/bin/npm" "install" "-g" "npm" "stable"
200 error cwd /Users/xiaohaoli/Documents/wdi/phaser_vue_fast
201 error node -v v0.8.22
202 error npm -v 1.2.14
203 error code MODULE_NOT_FOUND
204 verbose exit [ 1, true ]
